<?xml version="1.0" encoding="utf-8"?><testsuites name="pytest tests"><testsuite name="pytest" errors="0" failures="0" skipped="3" tests="36" time="7.880" timestamp="2026-04-20T21:33:33.059961+00:00" hostname="agent-env-1693d920-17b2-4414-9d56-d2e13793c7d2"><testcase classname="backend.tests.test_phase2_api.TestCycle" name="test_create_cycle" time="0.747" /><testcase classname="backend.tests.test_phase2_api.TestCycle" name="test_list_cycle" time="0.138" /><testcase classname="backend.tests.test_phase2_api.TestCycle" name="test_cycle_forbidden_for_pro" time="0.523" /><testcase classname="backend.tests.test_phase2_api.TestCycle" name="test_delete_cycle" time="0.256" /><testcase classname="backend.tests.test_phase2_api.TestContraception" name="test_create_contraception" time="0.119" /><testcase classname="backend.tests.test_phase2_api.TestContraception" name="test_active_toggle_on_new_creation" time="0.265" /><testcase classname="backend.tests.test_phase2_api.TestContraception" name="test_end_contraception" time="0.332" /><testcase classname="backend.tests.test_phase2_api.TestAllaitement" name="test_seed_enfant" time="0.156" /><testcase classname="backend.tests.test_phase2_api.TestAllaitement" name="test_create_allaitement" time="0.121" /><testcase classname="backend.tests.test_phase2_api.TestAllaitement" name="test_list_allaitement_filter_by_enfant" time="0.136" /><testcase classname="backend.tests.test_phase2_api.TestAllaitement" name="test_allaitement_forbidden_for_pro" time="0.115" /><testcase classname="backend.tests.test_phase2_api.TestHumeur" name="test_create_humeur_valid" time="0.113" /><testcase classname="backend.tests.test_phase2_api.TestHumeur" name="test_create_humeur_score_out_of_range" time="0.114" /><testcase classname="backend.tests.test_phase2_api.TestHumeur" name="test_list_humeur" time="0.119" /><testcase classname="backend.tests.test_phase2_api.TestPushToken" name="test_save_push_token" time="0.105" /><testcase classname="backend.tests.test_phase2_api.TestSearch" name="test_search_pros_by_specialite" time="0.110" /><testcase classname="backend.tests.test_phase2_api.TestSearch" name="test_search_pros_by_q" time="0.138" /><testcase classname="backend.tests.test_phase2_api.TestSearch" name="test_search_community" time="0.109" /><testcase classname="backend.tests.test_phase2_api.TestSearch" name="test_search_community_by_category" time="0.210" /><testcase classname="backend.tests.test_phase2_api.TestPhotos" name="test_set_profile_photo" time="0.292" /><testcase classname="backend.tests.test_phase2_api.TestPhotos" name="test_set_enfant_photo" time="0.229" /><testcase classname="backend.tests.test_phase2_api.TestMesures" name="test_add_mesure" time="0.222" /><testcase classname="backend.tests.test_phase2_api.TestNotifications" name="test_auto_notif_on_rdv_create" time="0.312"><skipped type="pytest.skip" message="No notification auto-generated on RDV create — feature may not be wired">/app/backend/tests/test_phase2_api.py:285: No notification auto-generated on RDV create — feature may not be wired</skipped></testcase><testcase classname="backend.tests.test_phase2_api.TestNotifications" name="test_auto_notif_on_rdv_status_change" time="0.000"><skipped type="pytest.skip" message="previous test did not create rdv">/app/backend/tests/test_phase2_api.py:293: previous test did not create rdv</skipped></testcase><testcase classname="backend.tests.test_phase2_api.TestNotifications" name="test_auto_notif_on_message" time="0.348" /><testcase classname="backend.tests.test_phase2_api.TestNotifications" name="test_list_notifications" time="0.129" /><testcase classname="backend.tests.test_phase2_api.TestNotifications" name="test_mark_notif_read" time="0.104"><skipped type="pytest.skip" message="No notifications to mark read">/app/backend/tests/test_phase2_api.py:326: No notifications to mark read</skipped></testcase><testcase classname="backend.tests.test_phase2_api.TestNotifications" name="test_mark_all_read" time="0.241" /><testcase classname="backend.tests.test_phase2_api.TestVideo" name="test_create_and_confirm_rdv_for_video" time="0.240" /><testcase classname="backend.tests.test_phase2_api.TestVideo" name="test_video_link_confirmed" time="0.105" /><testcase classname="backend.tests.test_phase2_api.TestVideo" name="test_video_link_requires_confirme" time="0.240" /><testcase classname="backend.tests.test_phase2_api.TestVideo" name="test_video_link_access_denied_for_other" time="0.779" /><testcase classname="backend.tests.test_phase2_api.TestPhase1Regression" name="test_grossesse_still_works" time="0.143" /><testcase classname="backend.tests.test_phase2_api.TestPhase1Regression" name="test_professionnels_still_list" time="0.121" /><testcase classname="backend.tests.test_phase2_api.TestPhase1Regression" name="test_community_still_lists" time="0.114" /><testcase classname="backend.tests.test_phase2_api.TestPhase1Regression" name="test_reminders_still_list" time="0.112" /></testsuite></testsuites>