<?xml version="1.0" encoding="utf-8"?><testsuites name="pytest tests"><testsuite name="pytest" errors="0" failures="1" skipped="0" tests="40" time="20.723" timestamp="2026-04-20T21:01:04.252331+00:00" hostname="agent-env-1693d920-17b2-4414-9d56-d2e13793c7d2"><testcase classname="backend.tests.test_alomaman_api.TestAuth" name="test_health" time="0.289" /><testcase classname="backend.tests.test_alomaman_api.TestAuth" name="test_login_admin" time="1.178" /><testcase classname="backend.tests.test_alomaman_api.TestAuth" name="test_login_maman" time="0.395" /><testcase classname="backend.tests.test_alomaman_api.TestAuth" name="test_login_pro" time="0.345" /><testcase classname="backend.tests.test_alomaman_api.TestAuth" name="test_login_bad_credentials" time="0.408" /><testcase classname="backend.tests.test_alomaman_api.TestAuth" name="test_me_with_token" time="0.138" /><testcase classname="backend.tests.test_alomaman_api.TestAuth" name="test_me_without_token" time="0.118" /><testcase classname="backend.tests.test_alomaman_api.TestAuth" name="test_register_new_user" time="0.346"><failure message="AssertionError: assert 'test_reg_e5a...b@example.com' == 'TEST_reg_e5a...b@example.com'&#10;  &#10;  - TEST_reg_e5ae8b7b@example.com&#10;  ? ^^^^&#10;  + test_reg_e5ae8b7b@example.com&#10;  ? ^^^^">backend/tests/test_alomaman_api.py:80: in test_register_new_user
    assert data["user"]["email"] == email
E   AssertionError: assert 'test_reg_e5a...b@example.com' == 'TEST_reg_e5a...b@example.com'
E     
E     - TEST_reg_e5ae8b7b@example.com
E     ? ^^^^
E     + test_reg_e5ae8b7b@example.com
E     ? ^^^^</failure></testcase><testcase classname="backend.tests.test_alomaman_api.TestAuth" name="test_register_duplicate" time="0.117" /><testcase classname="backend.tests.test_alomaman_api.TestAuth" name="test_register_pro_with_specialite" time="0.332" /><testcase classname="backend.tests.test_alomaman_api.TestPros" name="test_list_pros" time="0.163" /><testcase classname="backend.tests.test_alomaman_api.TestGrossesse" name="test_create_grossesse_maman" time="0.132" /><testcase classname="backend.tests.test_alomaman_api.TestGrossesse" name="test_get_grossesse" time="0.179" /><testcase classname="backend.tests.test_alomaman_api.TestGrossesse" name="test_grossesse_forbidden_for_pro" time="0.163" /><testcase classname="backend.tests.test_alomaman_api.TestEnfants" name="test_create_enfant" time="0.131" /><testcase classname="backend.tests.test_alomaman_api.TestEnfants" name="test_list_enfants" time="0.147" /><testcase classname="backend.tests.test_alomaman_api.TestEnfants" name="test_add_vaccin" time="0.118" /><testcase classname="backend.tests.test_alomaman_api.TestEnfants" name="test_enfants_forbidden_for_pro" time="0.144" /><testcase classname="backend.tests.test_alomaman_api.TestRdv" name="test_list_pros_and_pick" time="0.125" /><testcase classname="backend.tests.test_alomaman_api.TestRdv" name="test_maman_creates_rdv" time="0.116" /><testcase classname="backend.tests.test_alomaman_api.TestRdv" name="test_pro_lists_rdv" time="0.136" /><testcase classname="backend.tests.test_alomaman_api.TestRdv" name="test_pro_confirms_rdv" time="0.253" /><testcase classname="backend.tests.test_alomaman_api.TestRdv" name="test_maman_cant_change_status" time="0.135" /><testcase classname="backend.tests.test_alomaman_api.TestMessages" name="test_maman_sends_to_pro" time="0.139" /><testcase classname="backend.tests.test_alomaman_api.TestMessages" name="test_conversations" time="0.173" /><testcase classname="backend.tests.test_alomaman_api.TestMessages" name="test_thread" time="0.110" /><testcase classname="backend.tests.test_alomaman_api.TestCommunity" name="test_list_posts" time="0.122" /><testcase classname="backend.tests.test_alomaman_api.TestCommunity" name="test_create_post" time="0.148" /><testcase classname="backend.tests.test_alomaman_api.TestCommunity" name="test_like_post" time="0.116" /><testcase classname="backend.tests.test_alomaman_api.TestCommunity" name="test_comment_post" time="0.118" /><testcase classname="backend.tests.test_alomaman_api.TestReminders" name="test_create_reminder" time="0.149" /><testcase classname="backend.tests.test_alomaman_api.TestReminders" name="test_list_reminders" time="0.136" /><testcase classname="backend.tests.test_alomaman_api.TestReminders" name="test_toggle_reminder" time="0.124" /><testcase classname="backend.tests.test_alomaman_api.TestAdmin" name="test_admin_stats" time="0.121" /><testcase classname="backend.tests.test_alomaman_api.TestAdmin" name="test_admin_users" time="0.156" /><testcase classname="backend.tests.test_alomaman_api.TestAdmin" name="test_admin_stats_forbidden_for_maman" time="0.168" /><testcase classname="backend.tests.test_alomaman_api.TestAdmin" name="test_admin_users_forbidden_for_pro" time="0.108" /><testcase classname="backend.tests.test_alomaman_api.TestProEndpoints" name="test_pro_patients" time="0.116" /><testcase classname="backend.tests.test_alomaman_api.TestProEndpoints" name="test_pro_patients_forbidden_for_maman" time="0.122" /><testcase classname="backend.tests.test_alomaman_api.TestAiChat" name="test_ai_chat_french" time="12.774" /></testsuite></testsuites>