<?xml version="1.0" encoding="utf-8"?><testsuites name="pytest tests"><testsuite name="pytest" errors="0" failures="0" skipped="0" tests="29" time="6.296" timestamp="2026-04-20T21:46:10.825059+00:00" hostname="agent-env-1693d920-17b2-4414-9d56-d2e13793c7d2"><testcase classname="backend.tests.test_phase3_api.TestFHIR" name="test_fhir_forbidden_for_pro" time="0.761" /><testcase classname="backend.tests.test_phase3_api.TestFHIR" name="test_fhir_forbidden_for_admin" time="0.503" /><testcase classname="backend.tests.test_phase3_api.TestFHIR" name="test_fhir_bundle_for_maman" time="0.482" /><testcase classname="backend.tests.test_phase3_api.TestTeleEcho" name="test_maman_cannot_upload" time="0.573" /><testcase classname="backend.tests.test_phase3_api.TestTeleEcho" name="test_pro_upload_404_for_foreign_rdv" time="0.103" /><testcase classname="backend.tests.test_phase3_api.TestTeleEcho" name="test_pro_upload_success" time="0.205" /><testcase classname="backend.tests.test_phase3_api.TestTeleEcho" name="test_maman_notif_generated" time="0.121" /><testcase classname="backend.tests.test_phase3_api.TestTeleEcho" name="test_list_echo_maman" time="0.115" /><testcase classname="backend.tests.test_phase3_api.TestTeleEcho" name="test_list_echo_pro" time="0.170" /><testcase classname="backend.tests.test_phase3_api.TestTeleEcho" name="test_echo_by_rdv" time="0.124" /><testcase classname="backend.tests.test_phase3_api.TestTeleEcho" name="test_echo_by_rdv_forbidden_for_stranger" time="0.484" /><testcase classname="backend.tests.test_phase3_api.TestNaissance" name="test_seed_enfant" time="0.157" /><testcase classname="backend.tests.test_phase3_api.TestNaissance" name="test_pro_forbidden" time="0.102" /><testcase classname="backend.tests.test_phase3_api.TestNaissance" name="test_create_naissance" time="0.129" /><testcase classname="backend.tests.test_phase3_api.TestNaissance" name="test_duplicate_naissance_400" time="0.099" /><testcase classname="backend.tests.test_phase3_api.TestNaissance" name="test_list_naissances_maman_only_own" time="0.117" /><testcase classname="backend.tests.test_phase3_api.TestNaissance" name="test_list_naissances_admin_sees_all" time="0.106" /><testcase classname="backend.tests.test_phase3_api.TestNaissance" name="test_validate_forbidden_for_maman" time="0.106" /><testcase classname="backend.tests.test_phase3_api.TestNaissance" name="test_admin_validate" time="0.568" /><testcase classname="backend.tests.test_phase3_api.TestPushToken" name="test_save_valid_token" time="0.133" /><testcase classname="backend.tests.test_phase3_api.TestPushToken" name="test_save_invalid_token_no_crash" time="0.105" /><testcase classname="backend.tests.test_phase3_api.TestPushToken" name="test_push_notif_no_crash_with_invalid_token" time="0.121" /><testcase classname="backend.tests.test_phase3_api.TestRegression" name="test_auth_me" time="0.108" /><testcase classname="backend.tests.test_phase3_api.TestRegression" name="test_grossesse" time="0.103" /><testcase classname="backend.tests.test_phase3_api.TestRegression" name="test_pros_list" time="0.109" /><testcase classname="backend.tests.test_phase3_api.TestRegression" name="test_community" time="0.131" /><testcase classname="backend.tests.test_phase3_api.TestRegression" name="test_reminders" time="0.116" /><testcase classname="backend.tests.test_phase3_api.TestRegression" name="test_rdv_list" time="0.124" /><testcase classname="backend.tests.test_phase3_api.TestRegression" name="test_admin_stats" time="0.109" /></testsuite></testsuites>